<?xml version="1.0" encoding="UTF-8"?>
<testsuite xmlns:xsi="http://www.w3.org/2001/XMLSchema-instance" xsi:noNamespaceSchemaLocation="https://maven.apache.org/surefire/maven-surefire-plugin/xsd/surefire-test-report-3.0.xsd" version="3.0" name="ca.concordia.gamma.GammaCalculatorTest" time="0.366" tests="8" errors="0" skipped="0" failures="0">
  <properties>
    <property name="java.specification.version" value="23"/>
    <property name="sun.cpu.isalist" value="amd64"/>
    <property name="sun.jnu.encoding" value="Cp1252"/>
    <property name="java.class.path" value="D:\Concordia Uni Files\courses\Summer Term 2 2025\SOEN 6011\Deliverables\deliverable3\SOEN_6011\target\test-classes;D:\Concordia Uni Files\courses\Summer Term 2 2025\SOEN 6011\Deliverables\deliverable3\SOEN_6011\target\classes;C:\Users\mariu\.m2\repository\junit\junit\4.13.2\junit-4.13.2.jar;C:\Users\mariu\.m2\repository\org\hamcrest\hamcrest-core\1.3\hamcrest-core-1.3.jar;"/>
    <property name="java.vm.vendor" value="Oracle Corporation"/>
    <property name="sun.arch.data.model" value="64"/>
    <property name="user.variant" value=""/>
    <property name="java.vendor.url" value="https://java.oracle.com/"/>
    <property name="user.timezone" value="America/New_York"/>
    <property name="os.name" value="Windows 11"/>
    <property name="java.vm.specification.version" value="23"/>
    <property name="sun.java.launcher" value="SUN_STANDARD"/>
    <property name="user.country" value="US"/>
    <property name="sun.boot.library.path" value="C:\Program Files\Java\jdk-23.0.2\bin"/>
    <property name="sun.java.command" value="C:\Users\mariu\AppData\Local\Temp\surefire10531801842916990842\surefirebooter-20250810163615142_3.jar C:\Users\mariu\AppData\Local\Temp\surefire10531801842916990842 2025-08-10T16-36-14_449-jvmRun1 surefire-20250810163615142_1tmp surefire_0-20250810163615142_2tmp"/>
    <property name="jdk.debug" value="release"/>
    <property name="surefire.test.class.path" value="D:\Concordia Uni Files\courses\Summer Term 2 2025\SOEN 6011\Deliverables\deliverable3\SOEN_6011\target\test-classes;D:\Concordia Uni Files\courses\Summer Term 2 2025\SOEN 6011\Deliverables\deliverable3\SOEN_6011\target\classes;C:\Users\mariu\.m2\repository\junit\junit\4.13.2\junit-4.13.2.jar;C:\Users\mariu\.m2\repository\org\hamcrest\hamcrest-core\1.3\hamcrest-core-1.3.jar;"/>
    <property name="sun.cpu.endian" value="little"/>
    <property name="user.home" value="C:\Users\mariu"/>
    <property name="user.language" value="en"/>
    <property name="java.specification.vendor" value="Oracle Corporation"/>
    <property name="java.version.date" value="2025-01-21"/>
    <property name="java.home" value="C:\Program Files\Java\jdk-23.0.2"/>
    <property name="file.separator" value="\"/>
    <property name="basedir" value="D:\Concordia Uni Files\courses\Summer Term 2 2025\SOEN 6011\Deliverables\deliverable3\SOEN_6011"/>
    <property name="java.vm.compressedOopsMode" value="Zero based"/>
    <property name="line.separator" value="&#10;"/>
    <property name="java.vm.specification.vendor" value="Oracle Corporation"/>
    <property name="java.specification.name" value="Java Platform API Specification"/>
    <property name="surefire.real.class.path" value="C:\Users\mariu\AppData\Local\Temp\surefire10531801842916990842\surefirebooter-20250810163615142_3.jar"/>
    <property name="jdk.net.URLClassPath.disableClassPathURLCheck" value="true"/>
    <property name="user.script" value=""/>
    <property name="sun.management.compiler" value="HotSpot 64-Bit Tiered Compilers"/>
    <property name="java.runtime.version" value="23.0.2+7-58"/>
    <property name="user.name" value="mariu"/>
    <property name="stdout.encoding" value="Cp1252"/>
    <property name="path.separator" value=";"/>
    <property name="os.version" value="10.0"/>
    <property name="java.runtime.name" value="OpenJDK Runtime Environment"/>
    <property name="file.encoding" value="UTF-8"/>
    <property name="java.vm.name" value="OpenJDK 64-Bit Server VM"/>
    <property name="localRepository" value="C:\Users\mariu\.m2\repository"/>
    <property name="java.vendor.url.bug" value="https://bugreport.java.com/bugreport/"/>
    <property name="java.io.tmpdir" value="C:\Users\mariu\AppData\Local\Temp\"/>
    <property name="java.version" value="23.0.2"/>
    <property name="user.dir" value="D:\Concordia Uni Files\courses\Summer Term 2 2025\SOEN 6011\Deliverables\deliverable3\SOEN_6011"/>
    <property name="os.arch" value="amd64"/>
    <property name="java.vm.specification.name" value="Java Virtual Machine Specification"/>
    <property name="sun.os.patch.level" value=""/>
    <property name="native.encoding" value="Cp1252"/>
    <property name="java.library.path" value="C:\Program Files\Java\jdk-23.0.2\bin;C:\WINDOWS\Sun\Java\bin;C:\WINDOWS\system32;C:\WINDOWS;C:\WINDOWS\system32;C:\WINDOWS;C:\WINDOWS\System32\Wbem;C:\WINDOWS\System32\WindowsPowerShell\v1.0\;C:\WINDOWS\System32\OpenSSH\;C:\Program Files\Intel\WiFi\bin\;C:\Program Files\Common Files\Intel\WirelessCommon\;C:\Program Files\NVIDIA Corporation\NVIDIA app\NvDLISR;C:\Program Files (x86)\NVIDIA Corporation\PhysX\Common;C:\Program Files\Microsoft SQL Server\150\Tools\Binn\;C:\Program Files\Microsoft SQL Server\Client SDK\ODBC\170\Tools\Binn\;C:\Program Files\dotnet\;C:\Program Files\Docker\Docker\resources\bin;C:\Program Files\nodejs\;C:\sonar-scanner-6.2.1.4610-windows-x64\sonar-scanner-6.2.1.4610-windows-x64\bin;C:\Program Files\apache-maven-3.9.9;C:\Program Files\Gradle\gradle-8.12.1\bin;C:\Program Files\apache-maven-3.9.9\bin;C:\Program Files\Java\jdk-23.0.2\bin;C:\Program Files\Java\jdk-17.0.12\bin;C:\pmd-bin-7.11.0\bin;C:\Program Files\Git\cmd;C:\Program Files\Java\jdk-11\bin;C:\Users\mariu;C:\Program Files (x86)\Windows Kits\10\Windows Performance Toolkit\;C:\Users\mariu\AppData\Local\Microsoft\WindowsApps;C:\Users\mariu\AppData\Local\Programs\Microsoft VS Code\bin;C:\Users\mariu\.dotnet\tools;C:\Users\mariu\AppData\Roaming\npm;C:\Users\mariu\AppData\Local\Microsoft\WinGet\Packages\Microsoft.PowerShell_Microsoft.Winget.Source_8wekyb3d8bbwe;C:\Users\mariu\AppData\Local\JetBrains\Toolbox\scripts;;c:\Users\mariu\AppData\Roaming\Code\User\globalStorage\github.copilot-chat\debugCommand;."/>
    <property name="java.vm.info" value="mixed mode, sharing"/>
    <property name="stderr.encoding" value="Cp1252"/>
    <property name="java.vendor" value="Oracle Corporation"/>
    <property name="java.vm.version" value="23.0.2+7-58"/>
    <property name="sun.io.unicode.encoding" value="UnicodeLittle"/>
    <property name="java.class.version" value="67.0"/>
  </properties>
  <testcase name="testGammaNaN" classname="ca.concordia.gamma.GammaCalculatorTest" time="0.021"/>
  <testcase name="testGammaLargeInput" classname="ca.concordia.gamma.GammaCalculatorTest" time="0.029">
    <system-out><![CDATA[Gamma(200) = Infinity
]]></system-out>
  </testcase>
  <testcase name="testGammaNegativeNonInteger" classname="ca.concordia.gamma.GammaCalculatorTest" time="0.025">
    <system-out><![CDATA[Gamma(-2.5) = -0.945308722715611
]]></system-out>
  </testcase>
  <testcase name="testGammaSmallPositive" classname="ca.concordia.gamma.GammaCalculatorTest" time="0.004">
    <system-out><![CDATA[Gamma(0.1) = 9.513507698439202
]]></system-out>
  </testcase>
  <testcase name="testGammaInfinity" classname="ca.concordia.gamma.GammaCalculatorTest" time="0.0"/>
  <testcase name="testGammaUndefined" classname="ca.concordia.gamma.GammaCalculatorTest" time="0.003">
    <system-out><![CDATA[Gamma(0) = NaN
]]></system-out>
  </testcase>
  <testcase name="testGammaPositiveInteger" classname="ca.concordia.gamma.GammaCalculatorTest" time="0.006">
    <system-out><![CDATA[Gamma(5) = 24.0
]]></system-out>
  </testcase>
  <testcase name="testGammaHalf" classname="ca.concordia.gamma.GammaCalculatorTest" time="0.008">
    <system-out><![CDATA[Gamma(0.5) = 1.7724538509055159
]]></system-out>
  </testcase>
</testsuite>